This file contains any messages produced by compilers while
running configure, to aid debugging if configure makes a mistake.

It was created by hypre configure 2.14.0, which was
generated by GNU Autoconf 2.69.  Invocation command line was

  $ ./configure --with-cuda --enable-unified-memory --without-superlu --prefix=/ccs/home/csep42/hypre-mini-app/build_cuda2/install

## --------- ##
## Platform. ##
## --------- ##

hostname = summitdev-login1
uname -m = ppc64le
uname -r = 3.10.0-693.21.1.el7.ppc64le
uname -s = Linux
uname -v = #1 SMP Fri Feb 23 14:02:56 EST 2018

/usr/bin/uname -p = ppc64le
/bin/uname -X     = unknown

/bin/arch              = ppc64le
/usr/bin/arch -k       = unknown
/usr/convex/getsysinfo = unknown
/usr/bin/hostinfo      = unknown
/bin/machine           = unknown
/usr/bin/oslevel       = unknown
/bin/universe          = unknown

PATH: /sw/sources/lsf-tools/bin
PATH: /sw/summitdev/xalt/0.7.5/bin
PATH: /sw/summitdev/cuda/9.0.69/bin
PATH: /autofs/nccs-svm1_sw/summitdev/.swci/0-core/opt/spack/20171006/linux-rhel7-ppc64le/gcc-4.8.5/cmake-3.9.2-lnpnk356fyio3b6rq5bdhr2djjirtsxk/bin
PATH: /sw/sources/hpss/bin
PATH: /autofs/nccs-svm1_sw/summitdev/.swci/1-compute/opt/spack/20180406/linux-rhel7-ppc64le/xl-20180125/spectrum-mpi-10.2.0.0-20180110-6vu23crcx4bo5vw4fwfenq7q32po2mwk/bin
PATH: /sw/summitdev/xl/20180125/xlC/13.1.6/bin
PATH: /sw/summitdev/xl/20180125/xlf/15.1.6/bin
PATH: /opt/ibm/spectrumcomputing/lsf/10.1/linux3.10-glibc2.17-ppc64le-csm/etc
PATH: /opt/ibm/spectrumcomputing/lsf/10.1/linux3.10-glibc2.17-ppc64le-csm/bin
PATH: /opt/ibm/csm/bin
PATH: /usr/local/bin
PATH: /usr/bin
PATH: /usr/local/sbin
PATH: /usr/sbin
PATH: /opt/ibm/flightlog/bin
PATH: /opt/ibutils/bin
PATH: /opt/ibm/spectrum_mpi/jsm_pmix/bin
PATH: /opt/puppetlabs/bin
PATH: /usr/lpp/mmfs/bin


## ----------- ##
## Core tests. ##
## ----------- ##

configure:2439: checking build system type
configure:2453: result: powerpc64-unknown-linux-gnu
configure:2477: checking host system type
configure:2490: result: powerpc64-unknown-linux-gnu
configure:3574: checking for nvcc
configure:3601: result: nvcc
configure:3616: checking for nvcc
configure:3643: result: nvcc
configure:4590: checking whether make sets $(MAKE)
configure:4612: result: yes
configure:4664: checking for ranlib
configure:4680: found /usr/bin/ranlib
configure:4691: result: ranlib
configure:5020: checking for C compiler version
configure:5029: nvcc --version >&5
nvcc: NVIDIA (R) Cuda compiler driver
Copyright (c) 2005-2017 NVIDIA Corporation
Built on Tue_May_23_08:51:32_CDT_2017
Cuda compilation tools, release 9.0, V9.0.67
configure:5040: $? = 0
configure:5029: nvcc -v >&5
nvcc fatal   : No input files specified; use option --help for more information
configure:5040: $? = 1
configure:5029: nvcc -V >&5
nvcc: NVIDIA (R) Cuda compiler driver
Copyright (c) 2005-2017 NVIDIA Corporation
Built on Tue_May_23_08:51:32_CDT_2017
Cuda compilation tools, release 9.0, V9.0.67
configure:5040: $? = 0
configure:5029: nvcc -qversion >&5
nvcc fatal   : Unknown option 'qversion'
configure:5040: $? = 1
configure:5060: checking whether the C compiler works
configure:5082: nvcc    conftest.c  >&5
configure:5086: $? = 0
configure:5134: result: yes
configure:5137: checking for C compiler default output file name
configure:5139: result: a.out
configure:5145: checking for suffix of executables
configure:5152: nvcc -o conftest    conftest.c  >&5
configure:5156: $? = 0
configure:5178: result: 
configure:5200: checking whether we are cross compiling
configure:5208: nvcc -o conftest    conftest.c  >&5
configure:5212: $? = 0
configure:5219: ./conftest
configure:5223: $? = 0
configure:5238: result: no
configure:5243: checking for suffix of object files
configure:5265: nvcc -c   conftest.c >&5
configure:5269: $? = 0
configure:5290: result: o
configure:5294: checking whether we are using the GNU C compiler
configure:5313: nvcc -c   conftest.c >&5
configure:5313: $? = 0
configure:5322: result: yes
configure:5331: checking whether nvcc accepts -g
configure:5351: nvcc -c -g  conftest.c >&5
configure:5351: $? = 0
configure:5392: result: yes
configure:5409: checking for nvcc option to accept ISO C89
configure:5472: nvcc  -c -g -O2  conftest.c >&5
configure:5472: $? = 0
configure:5485: result: none needed
configure:5621: checking for C++ compiler version
configure:5630: nvcc --version >&5
nvcc: NVIDIA (R) Cuda compiler driver
Copyright (c) 2005-2017 NVIDIA Corporation
Built on Tue_May_23_08:51:32_CDT_2017
Cuda compilation tools, release 9.0, V9.0.67
configure:5641: $? = 0
configure:5630: nvcc -v >&5
nvcc fatal   : No input files specified; use option --help for more information
configure:5641: $? = 1
configure:5630: nvcc -V >&5
nvcc: NVIDIA (R) Cuda compiler driver
Copyright (c) 2005-2017 NVIDIA Corporation
Built on Tue_May_23_08:51:32_CDT_2017
Cuda compilation tools, release 9.0, V9.0.67
configure:5641: $? = 0
configure:5630: nvcc -qversion >&5
nvcc fatal   : Unknown option 'qversion'
configure:5641: $? = 1
configure:5645: checking whether we are using the GNU C++ compiler
configure:5664: nvcc -c   conftest.cpp >&5
configure:5664: $? = 0
configure:5673: result: yes
configure:5682: checking whether nvcc accepts -g
configure:5702: nvcc -c -g  conftest.cpp >&5
configure:5702: $? = 0
configure:5743: result: yes
configure:6677: checking for MPI_Init
configure:6677: nvcc -o conftest -g -O2   conftest.c  >&5
/tmp/tmpxft_00016af6_00000000-4_conftest.o: In function `main':
/ccs/home/csep42/hypre-mini-app/build_cuda2/hypre/src/conftest.c:60: undefined reference to `MPI_Init'
/usr/bin/ld: link errors found, deleting executable `conftest'
/usr/bin/sha1sum: conftest: No such file or directory
collect2: error: ld returned 1 exit status
configure:6677: $? = 1
configure: failed program was:
| /* confdefs.h */
| #define PACKAGE_NAME "hypre"
| #define PACKAGE_TARNAME "hypre"
| #define PACKAGE_VERSION "2.14.0"
| #define PACKAGE_STRING "hypre 2.14.0"
| #define PACKAGE_BUGREPORT ""
| #define PACKAGE_URL ""
| #define HYPRE_RELEASE_NAME "hypre"
| #define HYPRE_RELEASE_VERSION "2.14.0"
| #define HYPRE_RELEASE_DATE "2018/03/16"
| #define HYPRE_RELEASE_TIME "00:00:00"
| #define HYPRE_RELEASE_BUGS "hypre-support@llnl.gov"
| #define HYPRE_MAXDIM 3
| #define HYPRE_FMANGLE 0
| #define HYPRE_FMANGLE_BLAS 0
| #define HYPRE_FMANGLE_LAPACK 0
| /* end confdefs.h.  */
| /* Define MPI_Init to an innocuous variant, in case <limits.h> declares MPI_Init.
|    For example, HP-UX 11i <limits.h> declares gettimeofday.  */
| #define MPI_Init innocuous_MPI_Init
| 
| /* System header to define __stub macros and hopefully few prototypes,
|     which can conflict with char MPI_Init (); below.
|     Prefer <limits.h> to <assert.h> if __STDC__ is defined, since
|     <limits.h> exists even on freestanding compilers.  */
| 
| #ifdef __STDC__
| # include <limits.h>
| #else
| # include <assert.h>
| #endif
| 
| #undef MPI_Init
| 
| /* Override any GCC internal prototype to avoid an error.
|    Use char because int might match the return type of a GCC
|    builtin and then its argument prototype would still apply.  */
| #ifdef __cplusplus
| extern "C"
| #endif
| char MPI_Init ();
| /* The GNU C library defines this for functions which it implements
|     to always fail with ENOSYS.  Some functions are actually named
|     something starting with __ and the normal name is an alias.  */
| #if defined __stub_MPI_Init || defined __stub___MPI_Init
| choke me
| #endif
| 
| #ifdef FC_DUMMY_MAIN
| #ifndef FC_DUMMY_MAIN_EQ_F77
| #  ifdef __cplusplus
|      extern "C"
| #  endif
|    int FC_DUMMY_MAIN() { return 1; }
| #endif
| #endif
| int
| main ()
| {
| return MPI_Init ();
|   ;
|   return 0;
| }
configure:6677: result: no
configure:6685: checking for MPI_Init in -lmpi
configure:6718: nvcc -o conftest -g -O2   conftest.c -lmpi   >&5
/usr/bin/ld: cannot find -lmpi
/usr/bin/sha1sum: conftest: No such file or directory
collect2: error: ld returned 1 exit status
configure:6718: $? = 1
configure: failed program was:
| /* confdefs.h */
| #define PACKAGE_NAME "hypre"
| #define PACKAGE_TARNAME "hypre"
| #define PACKAGE_VERSION "2.14.0"
| #define PACKAGE_STRING "hypre 2.14.0"
| #define PACKAGE_BUGREPORT ""
| #define PACKAGE_URL ""
| #define HYPRE_RELEASE_NAME "hypre"
| #define HYPRE_RELEASE_VERSION "2.14.0"
| #define HYPRE_RELEASE_DATE "2018/03/16"
| #define HYPRE_RELEASE_TIME "00:00:00"
| #define HYPRE_RELEASE_BUGS "hypre-support@llnl.gov"
| #define HYPRE_MAXDIM 3
| #define HYPRE_FMANGLE 0
| #define HYPRE_FMANGLE_BLAS 0
| #define HYPRE_FMANGLE_LAPACK 0
| /* end confdefs.h.  */
| 
| /* Override any GCC internal prototype to avoid an error.
|    Use char because int might match the return type of a GCC
|    builtin and then its argument prototype would still apply.  */
| #ifdef __cplusplus
| extern "C"
| #endif
| char MPI_Init ();
| #ifdef FC_DUMMY_MAIN
| #ifndef FC_DUMMY_MAIN_EQ_F77
| #  ifdef __cplusplus
|      extern "C"
| #  endif
|    int FC_DUMMY_MAIN() { return 1; }
| #endif
| #endif
| int
| main ()
| {
| return MPI_Init ();
|   ;
|   return 0;
| }
configure:6727: result: no
configure:6736: checking for MPI_Init in -lmpich
configure:6769: nvcc -o conftest -g -O2   conftest.c -lmpich   >&5
/usr/bin/ld: cannot find -lmpich
/usr/bin/sha1sum: conftest: No such file or directory
collect2: error: ld returned 1 exit status
configure:6769: $? = 1
configure: failed program was:
| /* confdefs.h */
| #define PACKAGE_NAME "hypre"
| #define PACKAGE_TARNAME "hypre"
| #define PACKAGE_VERSION "2.14.0"
| #define PACKAGE_STRING "hypre 2.14.0"
| #define PACKAGE_BUGREPORT ""
| #define PACKAGE_URL ""
| #define HYPRE_RELEASE_NAME "hypre"
| #define HYPRE_RELEASE_VERSION "2.14.0"
| #define HYPRE_RELEASE_DATE "2018/03/16"
| #define HYPRE_RELEASE_TIME "00:00:00"
| #define HYPRE_RELEASE_BUGS "hypre-support@llnl.gov"
| #define HYPRE_MAXDIM 3
| #define HYPRE_FMANGLE 0
| #define HYPRE_FMANGLE_BLAS 0
| #define HYPRE_FMANGLE_LAPACK 0
| /* end confdefs.h.  */
| 
| /* Override any GCC internal prototype to avoid an error.
|    Use char because int might match the return type of a GCC
|    builtin and then its argument prototype would still apply.  */
| #ifdef __cplusplus
| extern "C"
| #endif
| char MPI_Init ();
| #ifdef FC_DUMMY_MAIN
| #ifndef FC_DUMMY_MAIN_EQ_F77
| #  ifdef __cplusplus
|      extern "C"
| #  endif
|    int FC_DUMMY_MAIN() { return 1; }
| #endif
| #endif
| int
| main ()
| {
| return MPI_Init ();
|   ;
|   return 0;
| }
configure:6778: result: no
configure:6835: checking for MPI_Comm_f2c
configure:6835: nvcc -o conftest -g -O2   conftest.c  >&5
/tmp/tmpxft_00016bae_00000000-4_conftest.o: In function `main':
/ccs/home/csep42/hypre-mini-app/build_cuda2/hypre/src/conftest.c:60: undefined reference to `MPI_Comm_f2c'
/usr/bin/ld: link errors found, deleting executable `conftest'
/usr/bin/sha1sum: conftest: No such file or directory
collect2: error: ld returned 1 exit status
configure:6835: $? = 1
configure: failed program was:
| /* confdefs.h */
| #define PACKAGE_NAME "hypre"
| #define PACKAGE_TARNAME "hypre"
| #define PACKAGE_VERSION "2.14.0"
| #define PACKAGE_STRING "hypre 2.14.0"
| #define PACKAGE_BUGREPORT ""
| #define PACKAGE_URL ""
| #define HYPRE_RELEASE_NAME "hypre"
| #define HYPRE_RELEASE_VERSION "2.14.0"
| #define HYPRE_RELEASE_DATE "2018/03/16"
| #define HYPRE_RELEASE_TIME "00:00:00"
| #define HYPRE_RELEASE_BUGS "hypre-support@llnl.gov"
| #define HYPRE_MAXDIM 3
| #define HYPRE_FMANGLE 0
| #define HYPRE_FMANGLE_BLAS 0
| #define HYPRE_FMANGLE_LAPACK 0
| /* end confdefs.h.  */
| /* Define MPI_Comm_f2c to an innocuous variant, in case <limits.h> declares MPI_Comm_f2c.
|    For example, HP-UX 11i <limits.h> declares gettimeofday.  */
| #define MPI_Comm_f2c innocuous_MPI_Comm_f2c
| 
| /* System header to define __stub macros and hopefully few prototypes,
|     which can conflict with char MPI_Comm_f2c (); below.
|     Prefer <limits.h> to <assert.h> if __STDC__ is defined, since
|     <limits.h> exists even on freestanding compilers.  */
| 
| #ifdef __STDC__
| # include <limits.h>
| #else
| # include <assert.h>
| #endif
| 
| #undef MPI_Comm_f2c
| 
| /* Override any GCC internal prototype to avoid an error.
|    Use char because int might match the return type of a GCC
|    builtin and then its argument prototype would still apply.  */
| #ifdef __cplusplus
| extern "C"
| #endif
| char MPI_Comm_f2c ();
| /* The GNU C library defines this for functions which it implements
|     to always fail with ENOSYS.  Some functions are actually named
|     something starting with __ and the normal name is an alias.  */
| #if defined __stub_MPI_Comm_f2c || defined __stub___MPI_Comm_f2c
| choke me
| #endif
| 
| #ifdef FC_DUMMY_MAIN
| #ifndef FC_DUMMY_MAIN_EQ_F77
| #  ifdef __cplusplus
|      extern "C"
| #  endif
|    int FC_DUMMY_MAIN() { return 1; }
| #endif
| #endif
| int
| main ()
| {
| return MPI_Comm_f2c ();
|   ;
|   return 0;
| }
configure:6835: result: no
configure:6849: checking how to run the C preprocessor
configure:6880: nvcc -E  conftest.c
configure:6880: $? = 0
configure:6894: nvcc -E  conftest.c
conftest.c:18:28: fatal error: ac_nonexistent.h: No such file or directory
 #include <ac_nonexistent.h>
                            ^
compilation terminated.
configure:6894: $? = 1
configure: failed program was:
| /* confdefs.h */
| #define PACKAGE_NAME "hypre"
| #define PACKAGE_TARNAME "hypre"
| #define PACKAGE_VERSION "2.14.0"
| #define PACKAGE_STRING "hypre 2.14.0"
| #define PACKAGE_BUGREPORT ""
| #define PACKAGE_URL ""
| #define HYPRE_RELEASE_NAME "hypre"
| #define HYPRE_RELEASE_VERSION "2.14.0"
| #define HYPRE_RELEASE_DATE "2018/03/16"
| #define HYPRE_RELEASE_TIME "00:00:00"
| #define HYPRE_RELEASE_BUGS "hypre-support@llnl.gov"
| #define HYPRE_MAXDIM 3
| #define HYPRE_FMANGLE 0
| #define HYPRE_FMANGLE_BLAS 0
| #define HYPRE_FMANGLE_LAPACK 0
| /* end confdefs.h.  */
| #include <ac_nonexistent.h>
configure:6919: result: nvcc -E
configure:6939: nvcc -E  conftest.c
configure:6939: $? = 0
configure:6953: nvcc -E  conftest.c
conftest.c:18:28: fatal error: ac_nonexistent.h: No such file or directory
 #include <ac_nonexistent.h>
                            ^
compilation terminated.
configure:6953: $? = 1
configure: failed program was:
| /* confdefs.h */
| #define PACKAGE_NAME "hypre"
| #define PACKAGE_TARNAME "hypre"
| #define PACKAGE_VERSION "2.14.0"
| #define PACKAGE_STRING "hypre 2.14.0"
| #define PACKAGE_BUGREPORT ""
| #define PACKAGE_URL ""
| #define HYPRE_RELEASE_NAME "hypre"
| #define HYPRE_RELEASE_VERSION "2.14.0"
| #define HYPRE_RELEASE_DATE "2018/03/16"
| #define HYPRE_RELEASE_TIME "00:00:00"
| #define HYPRE_RELEASE_BUGS "hypre-support@llnl.gov"
| #define HYPRE_MAXDIM 3
| #define HYPRE_FMANGLE 0
| #define HYPRE_FMANGLE_BLAS 0
| #define HYPRE_FMANGLE_LAPACK 0
| /* end confdefs.h.  */
| #include <ac_nonexistent.h>
configure:6982: checking for grep that handles long lines and -e
configure:7040: result: /usr/bin/grep
configure:7045: checking for egrep
configure:7107: result: /usr/bin/grep -E
configure:7112: checking whether MPI_Comm_f2c is a macro
configure:7134: result: no
configure:7578: checking for __gxx_personality_v0 in -lstdc++
configure:7611: nvcc -o conftest -g -O2   conftest.c -lstdc++   >&5
configure:7611: $? = 0
configure:7620: result: yes
configure:7932: checking for cabs in -lm
configure:7965: nvcc -o conftest -O   conftest.c -lm   -lstdc++ >&5
conftest.c:28:6: warning: conflicting types for built-in function 'cabs' [enabled by default]
 char cabs ();
      ^
configure:7965: $? = 0
configure:7974: result: yes
configure:8269: checking the hostname
configure:8280: result: summitdev-login1
configure:8284: checking the architecture
configure:8315: result: LINUX
configure:8574: creating ./config.status

## ---------------------- ##
## Running config.status. ##
## ---------------------- ##

This file was extended by hypre config.status 2.14.0, which was
generated by GNU Autoconf 2.69.  Invocation command line was

  CONFIG_FILES    = 
  CONFIG_HEADERS  = 
  CONFIG_LINKS    = 
  CONFIG_COMMANDS = 
  $ ./config.status 

on summitdev-login1

config.status:883: creating config/Makefile.config
config.status:883: creating HYPRE_config.h

## ---------------- ##
## Cache variables. ##
## ---------------- ##

ac_cv_build=powerpc64-unknown-linux-gnu
ac_cv_c_compiler_gnu=yes
ac_cv_cxx_compiler_gnu=yes
ac_cv_env_CCC_set=
ac_cv_env_CCC_value=
ac_cv_env_CC_set=set
ac_cv_env_CC_value=nvcc
ac_cv_env_CFLAGS_set=
ac_cv_env_CFLAGS_value=
ac_cv_env_CPPFLAGS_set=
ac_cv_env_CPPFLAGS_value=
ac_cv_env_CPP_set=
ac_cv_env_CPP_value=
ac_cv_env_CXXFLAGS_set=
ac_cv_env_CXXFLAGS_value=
ac_cv_env_CXX_set=set
ac_cv_env_CXX_value=nvcc
ac_cv_env_FCFLAGS_set=
ac_cv_env_FCFLAGS_value=
ac_cv_env_FC_set=
ac_cv_env_FC_value=
ac_cv_env_LDFLAGS_set=
ac_cv_env_LDFLAGS_value=
ac_cv_env_LIBS_set=
ac_cv_env_LIBS_value=
ac_cv_env_build_alias_set=
ac_cv_env_build_alias_value=
ac_cv_env_host_alias_set=
ac_cv_env_host_alias_value=
ac_cv_env_target_alias_set=
ac_cv_env_target_alias_value=
ac_cv_func_MPI_Comm_f2c=no
ac_cv_func_MPI_Init=no
ac_cv_host=powerpc64-unknown-linux-gnu
ac_cv_lib_m_cabs=yes
ac_cv_lib_mpi_MPI_Init=no
ac_cv_lib_mpich_MPI_Init=no
ac_cv_lib_stdcpp___gxx_personality_v0=yes
ac_cv_objext=o
ac_cv_path_EGREP='/usr/bin/grep -E'
ac_cv_path_GREP=/usr/bin/grep
ac_cv_prog_CC=nvcc
ac_cv_prog_CPP='nvcc -E'
ac_cv_prog_CXX=nvcc
ac_cv_prog_ac_ct_RANLIB=ranlib
ac_cv_prog_cc_c89=
ac_cv_prog_cc_g=yes
ac_cv_prog_cxx_g=yes
ac_cv_prog_make_make_set=yes
hypre_cv_func_MPI_Comm_f2c_macro=no

## ----------------- ##
## Output variables. ##
## ----------------- ##

AR='ar -rcu'
BLASLIBDIRS=''
BLASLIBS=''
BUILD_CC_SHARED=''
BUILD_CXX_SHARED=''
BUILD_FC_SHARED=''
BUILD_JAVA='0'
BUILD_PYTHON='0'
CALIPER_INCLUDE=''
CALIPER_LIBS=''
CC='nvcc'
CFLAGS='-O -ccbin=mpixlC -expt-extended-lambda -gencode arch=compute_60,"code=sm_60" -dc --std=c++11 -Xcompiler -fopenmp -Xcompiler -Wno-deprecated-register --x cu -DHYPRE_USE_CUDA  -DUSE_NVTX -DHYPRE_USE_GPU -DHYPRE_MEMORY_GPU -DHYPRE_USE_MANAGED -I/include '
CPP='nvcc -E'
CPPFLAGS=''
CUDACXX='mpixlC'
CXX='nvcc'
CXXFLAGS='-O -ccbin=mpixlC -expt-extended-lambda -gencode arch=compute_60,"code=sm_60" -dc --std=c++11 -Xcompiler -fopenmp -Xcompiler -Wno-deprecated-register --x cu -DHYPRE_USE_CUDA  -DUSE_NVTX -DHYPRE_USE_GPU -DHYPRE_MEMORY_GPU -DHYPRE_USE_MANAGED -I/include '
DEFS='-DHAVE_CONFIG_H'
DSUPERLU_INCLUDE=''
DSUPERLU_LIBS=''
ECHO_C=''
ECHO_N='-n'
ECHO_T=''
EGREP='/usr/bin/grep -E'
EXEEXT=''
FC=''
FCFLAGS=''
FCLIBS=''
FFLAGS='-O'
FLIBS=''
GREP='/usr/bin/grep'
HOSTNAME='summitdev-login1'
HYPRE_ARCH='LINUX'
HYPRE_BUGS='hypre-support@llnl.gov'
HYPRE_DATE='2018/03/16'
HYPRE_FEI_BASE_DIR='/ccs/home/csep42/hypre-mini-app/build_cuda2/hypre/src/FEI_mv/fei-base'
HYPRE_FEI_FEMLI_FILES=''
HYPRE_FEI_HYPRE_FILES='/ccs/home/csep42/hypre-mini-app/build_cuda2/hypre/src/FEI_mv/fei-hypre/*.o'
HYPRE_FEI_SRC_DIR='/ccs/home/csep42/hypre-mini-app/build_cuda2/hypre/src/FEI_mv'
HYPRE_FEI_SUBDIRS='fei-hypre'
HYPRE_INCINSTALL='${prefix}/include'
HYPRE_INSTALLDIR='/ccs/home/csep42/hypre-mini-app/build_cuda2/install'
HYPRE_KOKKOS_INCLUDE=''
HYPRE_KOKKOS_INC_FILE=''
HYPRE_KOKKOS_LIB=''
HYPRE_KOKKOS_LIB_DIR=''
HYPRE_KOKKOS_PATH=''
HYPRE_KOKKOS_SRC_DIR=''
HYPRE_LIBINSTALL='${exec_prefix}/lib'
HYPRE_LIBSUFFIX='.a'
HYPRE_NAME='hypre'
HYPRE_NVCC_MAKEFILE='Makefile.nvcc'
HYPRE_RAJA_INCLUDE=''
HYPRE_RAJA_LIB=''
HYPRE_RAJA_LIB_DIR=''
HYPRE_SRCDIR='/ccs/home/csep42/hypre-mini-app/build_cuda2/hypre/src'
HYPRE_TIME='00:00:00'
HYPRE_VERSION='2.14.0'
KOKKOS_LIBS=''
LAPACKLIBDIRS=''
LAPACKLIBS=''
LDFLAGS=' -ccbin=mpixlC -gencode arch=compute_60,"code=sm_60" -Xcompiler -fopenmp  -lcudart -lcuda '
LIBOBJS=''
LIBS=' -lstdc++ -lm'
LINK_CC='nvcc'
LINK_CXX='nvcc'
LINK_FC=''
LTLIBOBJS=''
MPIFLAGS=''
MPIINCLUDE=''
MPILIBDIRS=''
MPILIBS=''
NVCCFLAGS='-O3 -arch=sm_60  -ccbin=xlc  -I ../hypre/include -I /usr/tcetmp/packages/spectrum_mpi/spectrum_mpi-10.1-xl-gcc-4.9.3/mpi/include/ -DUSE_NVTX -c -DHYPRE_USE_GPU -DHYPRE_USE_MANAGED -DHYPRE_MEMORY_GPU -I/include'
NVCCLIBS='-L/lib64 -lcusparse -lcudart -lcublas -lnvToolsExt'
OBJEXT='o'
PACKAGE_BUGREPORT=''
PACKAGE_NAME=''
PACKAGE_STRING=''
PACKAGE_TARNAME=''
PACKAGE_URL=''
PACKAGE_VERSION=''
PATH_SEPARATOR=':'
PYTHON=''
RAJA_LIBS=''
RANLIB='ranlib'
SET_MAKE=''
SHARED_BUILD_FLAG=''
SHARED_COMPILE_FLAG=''
SHARED_OPTIONS=''
SHARED_SET_SONAME=''
SHELL='/bin/sh'
SUPERLU_INCLUDE=''
SUPERLU_LIBS=''
ac_ct_CC=''
ac_ct_CXX=''
ac_ct_FC=''
bindir='${exec_prefix}/bin'
build='powerpc64-unknown-linux-gnu'
build_alias=''
build_cpu='powerpc64'
build_os='linux-gnu'
build_vendor='unknown'
datadir='${datarootdir}'
datarootdir='${prefix}/share'
docdir='${datarootdir}/doc/${PACKAGE_TARNAME}'
dvidir='${docdir}'
exec_prefix='${prefix}'
host='powerpc64-unknown-linux-gnu'
host_alias=''
host_cpu='powerpc64'
host_os='linux-gnu'
host_vendor='unknown'
htmldir='${docdir}'
includedir='${prefix}/include'
infodir='${datarootdir}/info'
libdir='${exec_prefix}/lib'
libexecdir='${exec_prefix}/libexec'
localedir='${datarootdir}/locale'
localstatedir='${prefix}/var'
mandir='${datarootdir}/man'
oldincludedir='/usr/include'
pdfdir='${docdir}'
prefix='/ccs/home/csep42/hypre-mini-app/build_cuda2/install'
program_transform_name='s,x,x,'
psdir='${docdir}'
sbindir='${exec_prefix}/sbin'
sharedstatedir='${prefix}/com'
sysconfdir='${prefix}/etc'
target_alias=''

## ----------- ##
## confdefs.h. ##
## ----------- ##

/* confdefs.h */
#define PACKAGE_NAME "hypre"
#define PACKAGE_TARNAME "hypre"
#define PACKAGE_VERSION "2.14.0"
#define PACKAGE_STRING "hypre 2.14.0"
#define PACKAGE_BUGREPORT ""
#define PACKAGE_URL ""
#define HYPRE_RELEASE_NAME "hypre"
#define HYPRE_RELEASE_VERSION "2.14.0"
#define HYPRE_RELEASE_DATE "2018/03/16"
#define HYPRE_RELEASE_TIME "00:00:00"
#define HYPRE_RELEASE_BUGS "hypre-support@llnl.gov"
#define HYPRE_MAXDIM 3
#define HYPRE_FMANGLE 0
#define HYPRE_FMANGLE_BLAS 0
#define HYPRE_FMANGLE_LAPACK 0
#define HYPRE_NO_GLOBAL_PARTITION 1
#define HYPRE_USING_HYPRE_BLAS 1
#define HYPRE_USING_HYPRE_LAPACK 1
#define HYPRE_USING_NVCC 1
#define HYPRE_LINUX 1

configure: exit 0
